<?xml version="1.0" encoding="UTF-8"?>
<coverage generated="1668771362329" clover="3.2.0">
  <project timestamp="1668771362330" name="All files">
    <metrics statements="26" coveredstatements="26" conditionals="2" coveredconditionals="2" methods="10" coveredmethods="10" elements="38" coveredelements="38" complexity="0" loc="26" ncloc="26" packages="1" files="2" classes="2"/>
    <file name="bankAccount.js" path="/Users/imisiaina/Library/CloudStorage/OneDrive-Personal/Coding/Makers/Projects/Tech Tests/Bank/src/bankAccount.js">
      <metrics statements="15" coveredstatements="15" conditionals="0" coveredconditionals="0" methods="6" coveredmethods="6"/>
      <line num="3" count="6" type="stmt"/>
      <line num="4" count="6" type="stmt"/>
      <line num="8" count="10" type="stmt"/>
      <line num="12" count="5" type="stmt"/>
      <line num="13" count="5" type="stmt"/>
      <line num="21" count="2" type="stmt"/>
      <line num="22" count="2" type="stmt"/>
      <line num="30" count="8" type="stmt"/>
      <line num="31" count="8" type="stmt"/>
      <line num="32" count="8" type="stmt"/>
      <line num="46" count="8" type="stmt"/>
      <line num="47" count="8" type="stmt"/>
      <line num="48" count="8" type="stmt"/>
      <line num="52" count="2" type="stmt"/>
      <line num="56" count="2" type="stmt"/>
    </file>
    <file name="bankStatement.js" path="/Users/imisiaina/Library/CloudStorage/OneDrive-Personal/Coding/Makers/Projects/Tech Tests/Bank/src/bankStatement.js">
      <metrics statements="11" coveredstatements="11" conditionals="2" coveredconditionals="2" methods="4" coveredmethods="4"/>
      <line num="1" count="1" type="stmt"/>
      <line num="4" count="2" type="stmt"/>
      <line num="5" count="2" type="stmt"/>
      <line num="9" count="2" type="stmt"/>
      <line num="10" count="2" type="stmt"/>
      <line num="11" count="4" type="cond" truecount="2" falsecount="0"/>
      <line num="12" count="3" type="stmt"/>
      <line num="14" count="1" type="stmt"/>
      <line num="17" count="2" type="stmt"/>
      <line num="21" count="2" type="stmt"/>
      <line num="25" count="1" type="stmt"/>
    </file>
  </project>
</coverage>
