{"/Users/imisiaina/Library/CloudStorage/OneDrive-Personal/Coding/Makers/Projects/Tech Tests/Bank/src/bankAccount.js": {"path":"/Users/imisiaina/Library/CloudStorage/OneDrive-Personal/Coding/Makers/Projects/Tech Tests/Bank/src/bankAccount.js","statementMap":{"0":{"start":{"line":3,"column":4},"end":{"line":3,"column":21}},"1":{"start":{"line":4,"column":4},"end":{"line":4,"column":26}},"2":{"start":{"line":8,"column":4},"end":{"line":8,"column":24}},"3":{"start":{"line":12,"column":4},"end":{"line":12,"column":34}},"4":{"start":{"line":13,"column":4},"end":{"line":17,"column":7}},"5":{"start":{"line":21,"column":4},"end":{"line":21,"column":37}},"6":{"start":{"line":22,"column":4},"end":{"line":26,"column":7}},"7":{"start":{"line":30,"column":14},"end":{"line":30,"column":24}},"8":{"start":{"line":31,"column":14},"end":{"line":31,"column":25}},"9":{"start":{"line":32,"column":18},"end":{"line":45,"column":5}},"10":{"start":{"line":46,"column":15},"end":{"line":46,"column":34}},"11":{"start":{"line":47,"column":15},"end":{"line":47,"column":30}},"12":{"start":{"line":48,"column":4},"end":{"line":48,"column":36}},"13":{"start":{"line":52,"column":4},"end":{"line":52,"column":28}},"14":{"start":{"line":56,"column":0},"end":{"line":56,"column":25}}},"fnMap":{"0":{"name":"(anonymous_0)","decl":{"start":{"line":2,"column":2},"end":{"line":2,"column":3}},"loc":{"start":{"line":2,"column":16},"end":{"line":5,"column":3}},"line":2},"1":{"name":"(anonymous_1)","decl":{"start":{"line":7,"column":2},"end":{"line":7,"column":3}},"loc":{"start":{"line":7,"column":15},"end":{"line":9,"column":3}},"line":7},"2":{"name":"(anonymous_2)","decl":{"start":{"line":11,"column":2},"end":{"line":11,"column":3}},"loc":{"start":{"line":11,"column":25},"end":{"line":18,"column":3}},"line":11},"3":{"name":"(anonymous_3)","decl":{"start":{"line":20,"column":2},"end":{"line":20,"column":3}},"loc":{"start":{"line":20,"column":29},"end":{"line":27,"column":3}},"line":20},"4":{"name":"(anonymous_4)","decl":{"start":{"line":29,"column":2},"end":{"line":29,"column":3}},"loc":{"start":{"line":29,"column":9},"end":{"line":49,"column":3}},"line":29},"5":{"name":"(anonymous_5)","decl":{"start":{"line":51,"column":2},"end":{"line":51,"column":3}},"loc":{"start":{"line":51,"column":19},"end":{"line":53,"column":3}},"line":51}},"branchMap":{},"s":{"0":6,"1":6,"2":10,"3":5,"4":5,"5":2,"6":2,"7":8,"8":8,"9":8,"10":8,"11":8,"12":8,"13":2,"14":2},"f":{"0":6,"1":10,"2":5,"3":2,"4":8,"5":2},"b":{},"_coverageSchema":"1a1c01bbd47fc00a2c39e90264f33305004495a9","hash":"7d98c76ac739006c0dc89d54571d1a80a143e260"}
,"/Users/imisiaina/Library/CloudStorage/OneDrive-Personal/Coding/Makers/Projects/Tech Tests/Bank/src/bankStatement.js": {"path":"/Users/imisiaina/Library/CloudStorage/OneDrive-Personal/Coding/Makers/Projects/Tech Tests/Bank/src/bankStatement.js","statementMap":{"0":{"start":{"line":1,"column":16},"end":{"line":1,"column":40}},"1":{"start":{"line":4,"column":4},"end":{"line":4,"column":54}},"2":{"start":{"line":5,"column":4},"end":{"line":5,"column":20}},"3":{"start":{"line":9,"column":16},"end":{"line":9,"column":37}},"4":{"start":{"line":10,"column":23},"end":{"line":16,"column":6}},"5":{"start":{"line":11,"column":6},"end":{"line":15,"column":7}},"6":{"start":{"line":12,"column":8},"end":{"line":12,"column":79}},"7":{"start":{"line":14,"column":8},"end":{"line":14,"column":84}},"8":{"start":{"line":17,"column":4},"end":{"line":17,"column":44}},"9":{"start":{"line":21,"column":4},"end":{"line":21,"column":41}},"10":{"start":{"line":25,"column":0},"end":{"line":25,"column":27}}},"fnMap":{"0":{"name":"(anonymous_0)","decl":{"start":{"line":3,"column":2},"end":{"line":3,"column":3}},"loc":{"start":{"line":3,"column":16},"end":{"line":6,"column":3}},"line":3},"1":{"name":"(anonymous_1)","decl":{"start":{"line":8,"column":2},"end":{"line":8,"column":3}},"loc":{"start":{"line":8,"column":11},"end":{"line":18,"column":3}},"line":8},"2":{"name":"(anonymous_2)","decl":{"start":{"line":10,"column":31},"end":{"line":10,"column":32}},"loc":{"start":{"line":10,"column":36},"end":{"line":16,"column":5}},"line":10},"3":{"name":"(anonymous_3)","decl":{"start":{"line":20,"column":2},"end":{"line":20,"column":3}},"loc":{"start":{"line":20,"column":17},"end":{"line":22,"column":3}},"line":20}},"branchMap":{"0":{"loc":{"start":{"line":11,"column":6},"end":{"line":15,"column":7}},"type":"if","locations":[{"start":{"line":11,"column":6},"end":{"line":15,"column":7}},{"start":{"line":13,"column":13},"end":{"line":15,"column":7}}],"line":11}},"s":{"0":1,"1":2,"2":2,"3":2,"4":2,"5":4,"6":3,"7":1,"8":2,"9":2,"10":1},"f":{"0":2,"1":2,"2":4,"3":2},"b":{"0":[3,1]},"_coverageSchema":"1a1c01bbd47fc00a2c39e90264f33305004495a9","hash":"33d8eda0dcd1ab4097c85ccfc1f95c0d44fe806d"}
}
