TN:
SF:src/bankAccount.js
FN:2,(anonymous_0)
FN:7,(anonymous_1)
FN:11,(anonymous_2)
FN:20,(anonymous_3)
FN:29,(anonymous_4)
FN:51,(anonymous_5)
FNF:6
FNH:6
FNDA:6,(anonymous_0)
FNDA:10,(anonymous_1)
FNDA:5,(anonymous_2)
FNDA:2,(anonymous_3)
FNDA:8,(anonymous_4)
FNDA:2,(anonymous_5)
DA:3,6
DA:4,6
DA:8,10
DA:12,5
DA:13,5
DA:21,2
DA:22,2
DA:30,8
DA:31,8
DA:32,8
DA:46,8
DA:47,8
DA:48,8
DA:52,2
DA:56,2
LF:15
LH:15
BRF:0
BRH:0
end_of_record
TN:
SF:src/bankStatement.js
FN:3,(anonymous_0)
FN:8,(anonymous_1)
FN:10,(anonymous_2)
FN:20,(anonymous_3)
FNF:4
FNH:4
FNDA:2,(anonymous_0)
FNDA:2,(anonymous_1)
FNDA:4,(anonymous_2)
FNDA:2,(anonymous_3)
DA:1,1
DA:4,2
DA:5,2
DA:9,2
DA:10,2
DA:11,4
DA:12,3
DA:14,1
DA:17,2
DA:21,2
DA:25,1
LF:11
LH:11
BRDA:11,0,0,3
BRDA:11,0,1,1
BRF:2
BRH:2
end_of_record
